2022-04-20 02:42:16 - HikariPool-94 - Thread starvation or clock leap detected (housekeeper delta=4h29s315ms).
2022-04-20 04:42:44 - HikariPool-94 - Thread starvation or clock leap detected (housekeeper delta=2h28s73ms).
2022-04-20 07:53:43 - HikariPool-94 - Thread starvation or clock leap detected (housekeeper delta=3h10m58s349ms).
2022-04-20 10:03:50 - HikariPool-94 - Thread starvation or clock leap detected (housekeeper delta=2h10m6s835ms).
2022-04-20 10:08:55 - Closing JPA EntityManagerFactory for persistence unit 'default'
2022-04-20 10:08:55 - HikariPool-94 - Shutdown initiated...
2022-04-20 10:08:55 - HikariPool-94 - Shutdown completed.
2022-04-20 10:08:55 - Starting RolebasedManagementApplication using Java 1.8.0_322 on intuitdep81456 with PID 41976 (/Users/ppanda2/Downloads/rolebasedManagement/target/classes started by ppanda2 in /Users/ppanda2/Downloads/rolebasedManagement)
2022-04-20 10:08:55 - No active profile set, falling back to 1 default profile: "default"
2022-04-20 10:08:55 - Bootstrapping Spring Data JPA repositories in DEFAULT mode.
2022-04-20 10:08:55 - Finished Spring Data repository scanning in 0 ms. Found 0 JPA repository interfaces.
2022-04-20 10:08:56 - Tomcat initialized with port(s): 8080 (http)
2022-04-20 10:08:56 - Starting service [Tomcat]
2022-04-20 10:08:56 - Starting Servlet engine: [Apache Tomcat/9.0.58]
2022-04-20 10:08:56 - Initializing Spring embedded WebApplicationContext
2022-04-20 10:08:56 - Root WebApplicationContext: initialization completed in 422 ms
2022-04-20 10:08:56 - HikariPool-95 - Starting...
2022-04-20 10:08:56 - HikariPool-95 - Start completed.
2022-04-20 10:08:56 - H2 console available at '/h2-console'. Database available at 'jdbc:postgresql://localhost:5432/task'
2022-04-20 10:08:56 - HHH000204: Processing PersistenceUnitInfo [name: default]
2022-04-20 10:08:56 - HHH000400: Using dialect: org.hibernate.dialect.PostgreSQL81Dialect
2022-04-20 10:08:56 - HHH000490: Using JtaPlatform implementation: [org.hibernate.engine.transaction.jta.platform.internal.NoJtaPlatform]
2022-04-20 10:08:56 - Initialized JPA EntityManagerFactory for persistence unit 'default'
2022-04-20 10:08:56 - spring.jpa.open-in-view is enabled by default. Therefore, database queries may be performed during view rendering. Explicitly configure spring.jpa.open-in-view to disable this warning
2022-04-20 10:08:56 - LiveReload server is running on port 35729
2022-04-20 10:08:56 - Tomcat started on port(s): 8080 (http) with context path ''
2022-04-20 10:08:56 - Started RolebasedManagementApplication in 0.913 seconds (JVM running for 49375.41)
2022-04-20 10:08:56 - Condition evaluation unchanged
2022-04-20 10:08:57 - Closing JPA EntityManagerFactory for persistence unit 'default'
2022-04-20 10:08:57 - HikariPool-95 - Shutdown initiated...
2022-04-20 10:08:57 - HikariPool-95 - Shutdown completed.
2022-04-20 10:08:58 - Starting RolebasedManagementApplication using Java 1.8.0_322 on intuitdep81456 with PID 41976 (/Users/ppanda2/Downloads/rolebasedManagement/target/classes started by ppanda2 in /Users/ppanda2/Downloads/rolebasedManagement)
2022-04-20 10:08:58 - No active profile set, falling back to 1 default profile: "default"
2022-04-20 10:08:58 - Bootstrapping Spring Data JPA repositories in DEFAULT mode.
2022-04-20 10:08:58 - Finished Spring Data repository scanning in 9 ms. Found 4 JPA repository interfaces.
2022-04-20 10:08:58 - Tomcat initialized with port(s): 8080 (http)
2022-04-20 10:08:58 - Starting service [Tomcat]
2022-04-20 10:08:58 - Starting Servlet engine: [Apache Tomcat/9.0.58]
2022-04-20 10:08:58 - Initializing Spring embedded WebApplicationContext
2022-04-20 10:08:58 - Root WebApplicationContext: initialization completed in 196 ms
2022-04-20 10:08:58 - HikariPool-96 - Starting...
2022-04-20 10:08:58 - HikariPool-96 - Start completed.
2022-04-20 10:08:58 - H2 console available at '/h2-console'. Database available at 'jdbc:postgresql://localhost:5432/task'
2022-04-20 10:08:58 - HHH000204: Processing PersistenceUnitInfo [name: default]
2022-04-20 10:08:58 - HHH000400: Using dialect: org.hibernate.dialect.PostgreSQL81Dialect
2022-04-20 10:08:58 - HHH000490: Using JtaPlatform implementation: [org.hibernate.engine.transaction.jta.platform.internal.NoJtaPlatform]
2022-04-20 10:08:58 - Initialized JPA EntityManagerFactory for persistence unit 'default'
2022-04-20 10:08:58 - spring.jpa.open-in-view is enabled by default. Therefore, database queries may be performed during view rendering. Explicitly configure spring.jpa.open-in-view to disable this warning
2022-04-20 10:08:58 - LiveReload server is running on port 35729
2022-04-20 10:08:58 - Tomcat started on port(s): 8080 (http) with context path ''
2022-04-20 10:08:58 - Started RolebasedManagementApplication in 0.475 seconds (JVM running for 49377.407)
2022-04-20 10:08:58 - Condition evaluation unchanged
2022-04-20 10:09:00 - Starting RolebasedManagementApplicationTests using Java 1.8.0_322 on intuitdep81456 with PID 34142 (started by ppanda2 in /Users/ppanda2/Downloads/rolebasedManagement)
2022-04-20 10:09:00 - No active profile set, falling back to 1 default profile: "default"
2022-04-20 10:09:01 - Bootstrapping Spring Data JPA repositories in DEFAULT mode.
2022-04-20 10:09:01 - Finished Spring Data repository scanning in 50 ms. Found 4 JPA repository interfaces.
2022-04-20 10:09:02 - HikariPool-1 - Starting...
2022-04-20 10:09:02 - HikariPool-1 - Start completed.
2022-04-20 10:09:02 - HHH000204: Processing PersistenceUnitInfo [name: default]
2022-04-20 10:09:02 - HHH000412: Hibernate ORM core version 5.6.5.Final
2022-04-20 10:09:02 - HCANN000001: Hibernate Commons Annotations {5.1.2.Final}
2022-04-20 10:09:02 - HHH000400: Using dialect: org.hibernate.dialect.PostgreSQL81Dialect
2022-04-20 10:09:03 - HHH000490: Using JtaPlatform implementation: [org.hibernate.engine.transaction.jta.platform.internal.NoJtaPlatform]
2022-04-20 10:09:03 - Initialized JPA EntityManagerFactory for persistence unit 'default'
2022-04-20 10:09:04 - spring.jpa.open-in-view is enabled by default. Therefore, database queries may be performed during view rendering. Explicitly configure spring.jpa.open-in-view to disable this warning
2022-04-20 10:09:05 - Started RolebasedManagementApplicationTests in 4.795 seconds (JVM running for 7.619)
2022-04-20 10:09:05 - Loaded default TestExecutionListener class names from location [META-INF/spring.factories]: [org.springframework.boot.test.mock.mockito.MockitoTestExecutionListener, org.springframework.boot.test.mock.mockito.ResetMocksTestExecutionListener, org.springframework.boot.test.autoconfigure.restdocs.RestDocsTestExecutionListener, org.springframework.boot.test.autoconfigure.web.client.MockRestServiceServerResetTestExecutionListener, org.springframework.boot.test.autoconfigure.web.servlet.MockMvcPrintOnlyOnFailureTestExecutionListener, org.springframework.boot.test.autoconfigure.web.servlet.WebDriverTestExecutionListener, org.springframework.boot.test.autoconfigure.webservices.client.MockWebServiceServerTestExecutionListener, org.springframework.test.context.web.ServletTestExecutionListener, org.springframework.test.context.support.DirtiesContextBeforeModesTestExecutionListener, org.springframework.test.context.event.ApplicationEventsTestExecutionListener, org.springframework.test.context.support.DependencyInjectionTestExecutionListener, org.springframework.test.context.support.DirtiesContextTestExecutionListener, org.springframework.test.context.transaction.TransactionalTestExecutionListener, org.springframework.test.context.jdbc.SqlScriptsTestExecutionListener, org.springframework.test.context.event.EventPublishingTestExecutionListener]
2022-04-20 10:09:05 - Using TestExecutionListeners: [org.springframework.test.context.web.ServletTestExecutionListener@3e759e38, org.springframework.test.context.support.DirtiesContextBeforeModesTestExecutionListener@38e006a4, org.springframework.test.context.event.ApplicationEventsTestExecutionListener@162533a2, org.springframework.boot.test.mock.mockito.MockitoTestExecutionListener@3d78ece5, org.springframework.test.context.support.DependencyInjectionTestExecutionListener@2f6e312c, org.springframework.test.context.support.DirtiesContextTestExecutionListener@1783d743, org.springframework.test.context.transaction.TransactionalTestExecutionListener@28845e32, org.springframework.test.context.jdbc.SqlScriptsTestExecutionListener@52618003, org.springframework.test.context.event.EventPublishingTestExecutionListener@c582c32, org.springframework.boot.test.mock.mockito.ResetMocksTestExecutionListener@5e8db35, org.springframework.boot.test.autoconfigure.restdocs.RestDocsTestExecutionListener@f977074, org.springframework.boot.test.autoconfigure.web.client.MockRestServiceServerResetTestExecutionListener@5128981d, org.springframework.boot.test.autoconfigure.web.servlet.MockMvcPrintOnlyOnFailureTestExecutionListener@1cdc17b6, org.springframework.boot.test.autoconfigure.web.servlet.WebDriverTestExecutionListener@5f2e466b, org.springframework.boot.test.autoconfigure.webservices.client.MockWebServiceServerTestExecutionListener@6b0e892a]
2022-04-20 10:09:05 - Adding action to the db
2022-04-20 10:09:05 - Getting all the Action list
2022-04-20 10:09:05 - Closing JPA EntityManagerFactory for persistence unit 'default'
2022-04-20 10:09:05 - HikariPool-1 - Shutdown initiated...
2022-04-20 10:09:05 - HikariPool-1 - Shutdown completed.
